{"/home/danilosilvadev/dev/@akalli/akalli-app/App.tsx": {"path":"/home/danilosilvadev/dev/@akalli/akalli-app/App.tsx","statementMap":{"0":{"start":{"line":6,"column":12},"end":{"line":12,"column":1}},"1":{"start":{"line":7,"column":2},"end":{"line":11,"column":4}}},"fnMap":{"0":{"name":"(anonymous_0)","decl":{"start":{"line":6,"column":12},"end":{"line":6,"column":13}},"loc":{"start":{"line":6,"column":18},"end":{"line":12,"column":1}},"line":6}},"branchMap":{},"s":{"0":0,"1":0},"f":{"0":0},"b":{}}
,"/home/danilosilvadev/dev/@akalli/akalli-app/src/config/AkalliProvider.tsx": {"path":"/home/danilosilvadev/dev/@akalli/akalli-app/src/config/AkalliProvider.tsx","statementMap":{"0":{"start":{"line":7,"column":30},"end":{"line":21,"column":1}},"1":{"start":{"line":14,"column":2},"end":{"line":20,"column":4}}},"fnMap":{"0":{"name":"(anonymous_0)","decl":{"start":{"line":7,"column":30},"end":{"line":7,"column":31}},"loc":{"start":{"line":13,"column":6},"end":{"line":21,"column":1}},"line":13}},"branchMap":{"0":{"loc":{"start":{"line":14,"column":9},"end":{"line":20,"column":3}},"type":"cond-expr","locations":[{"start":{"line":15,"column":4},"end":{"line":17,"column":19}},{"start":{"line":19,"column":4},"end":{"line":19,"column":63}}],"line":14}},"s":{"0":1,"1":2},"f":{"0":2},"b":{"0":[0,2]},"_coverageSchema":"1a1c01bbd47fc00a2c39e90264f33305004495a9","hash":"2ed9c73c3e068607bd3cf988baef318dbc0772ad"}
,"/home/danilosilvadev/dev/@akalli/akalli-app/src/config/index.ts": {"path":"/home/danilosilvadev/dev/@akalli/akalli-app/src/config/index.ts","statementMap":{"0":{"start":{"line":4,"column":25},"end":{"line":7,"column":1}}},"fnMap":{},"branchMap":{},"s":{"0":0},"f":{},"b":{}}
,"/home/danilosilvadev/dev/@akalli/akalli-app/src/config/routerConfig.ts": {"path":"/home/danilosilvadev/dev/@akalli/akalli-app/src/config/routerConfig.ts","statementMap":{"0":{"start":{"line":5,"column":53},"end":{"line":16,"column":1}}},"fnMap":{},"branchMap":{},"s":{"0":0},"f":{},"b":{}}
,"/home/danilosilvadev/dev/@akalli/akalli-app/src/config/theme.ts": {"path":"/home/danilosilvadev/dev/@akalli/akalli-app/src/config/theme.ts","statementMap":{"0":{"start":{"line":3,"column":29},"end":{"line":22,"column":1}}},"fnMap":{},"branchMap":{},"s":{"0":1},"f":{},"b":{},"_coverageSchema":"1a1c01bbd47fc00a2c39e90264f33305004495a9","hash":"0b788af9d188b6ded1adc90d9785814c6fbc60e5"}
,"/home/danilosilvadev/dev/@akalli/akalli-app/src/features/index.ts": {"path":"/home/danilosilvadev/dev/@akalli/akalli-app/src/features/index.ts","statementMap":{"0":{"start":{"line":7,"column":21},"end":{"line":9,"column":1}}},"fnMap":{},"branchMap":{},"s":{"0":0},"f":{},"b":{}}
,"/home/danilosilvadev/dev/@akalli/akalli-app/src/features/assistant/index.ts": {"path":"/home/danilosilvadev/dev/@akalli/akalli-app/src/features/assistant/index.ts","statementMap":{},"fnMap":{},"branchMap":{},"s":{},"f":{},"b":{}}
,"/home/danilosilvadev/dev/@akalli/akalli-app/src/features/assistant/helpers/index.ts": {"path":"/home/danilosilvadev/dev/@akalli/akalli-app/src/features/assistant/helpers/index.ts","statementMap":{},"fnMap":{},"branchMap":{},"s":{},"f":{},"b":{}}
,"/home/danilosilvadev/dev/@akalli/akalli-app/src/features/assistant/helpers/intl.ts": {"path":"/home/danilosilvadev/dev/@akalli/akalli-app/src/features/assistant/helpers/intl.ts","statementMap":{"0":{"start":{"line":3,"column":20},"end":{"line":3,"column":22}}},"fnMap":{},"branchMap":{},"s":{"0":0},"f":{},"b":{}}
,"/home/danilosilvadev/dev/@akalli/akalli-app/src/features/assistant/helpers/schemas.ts": {"path":"/home/danilosilvadev/dev/@akalli/akalli-app/src/features/assistant/helpers/schemas.ts","statementMap":{"0":{"start":{"line":3,"column":23},"end":{"line":3,"column":25}}},"fnMap":{},"branchMap":{},"s":{"0":0},"f":{},"b":{}}
,"/home/danilosilvadev/dev/@akalli/akalli-app/src/features/assistant/helpers/types.ts": {"path":"/home/danilosilvadev/dev/@akalli/akalli-app/src/features/assistant/helpers/types.ts","statementMap":{},"fnMap":{},"branchMap":{},"s":{},"f":{},"b":{}}
,"/home/danilosilvadev/dev/@akalli/akalli-app/src/features/assistant/screens/Account.tsx": {"path":"/home/danilosilvadev/dev/@akalli/akalli-app/src/features/assistant/screens/Account.tsx","statementMap":{"0":{"start":{"line":3,"column":23},"end":{"line":5,"column":1}},"1":{"start":{"line":4,"column":2},"end":{"line":4,"column":73}}},"fnMap":{"0":{"name":"(anonymous_0)","decl":{"start":{"line":3,"column":23},"end":{"line":3,"column":24}},"loc":{"start":{"line":3,"column":29},"end":{"line":5,"column":1}},"line":3}},"branchMap":{},"s":{"0":0,"1":0},"f":{"0":0},"b":{}}
,"/home/danilosilvadev/dev/@akalli/akalli-app/src/features/assistant/screens/index.ts": {"path":"/home/danilosilvadev/dev/@akalli/akalli-app/src/features/assistant/screens/index.ts","statementMap":{},"fnMap":{},"branchMap":{},"s":{},"f":{},"b":{}}
,"/home/danilosilvadev/dev/@akalli/akalli-app/src/features/auth/index.ts": {"path":"/home/danilosilvadev/dev/@akalli/akalli-app/src/features/auth/index.ts","statementMap":{},"fnMap":{},"branchMap":{},"s":{},"f":{},"b":{}}
,"/home/danilosilvadev/dev/@akalli/akalli-app/src/features/auth/helpers/index.ts": {"path":"/home/danilosilvadev/dev/@akalli/akalli-app/src/features/auth/helpers/index.ts","statementMap":{},"fnMap":{},"branchMap":{},"s":{},"f":{},"b":{}}
,"/home/danilosilvadev/dev/@akalli/akalli-app/src/features/auth/helpers/intl.ts": {"path":"/home/danilosilvadev/dev/@akalli/akalli-app/src/features/auth/helpers/intl.ts","statementMap":{"0":{"start":{"line":3,"column":20},"end":{"line":3,"column":22}}},"fnMap":{},"branchMap":{},"s":{"0":0},"f":{},"b":{}}
,"/home/danilosilvadev/dev/@akalli/akalli-app/src/features/auth/helpers/redux.ts": {"path":"/home/danilosilvadev/dev/@akalli/akalli-app/src/features/auth/helpers/redux.ts","statementMap":{"0":{"start":{"line":4,"column":25},"end":{"line":12,"column":2}},"1":{"start":{"line":9,"column":6},"end":{"line":9,"column":30}}},"fnMap":{"0":{"name":"(anonymous_0)","decl":{"start":{"line":8,"column":11},"end":{"line":8,"column":12}},"loc":{"start":{"line":8,"column":34},"end":{"line":10,"column":5}},"line":8}},"branchMap":{},"s":{"0":0,"1":0},"f":{"0":0},"b":{}}
,"/home/danilosilvadev/dev/@akalli/akalli-app/src/features/auth/helpers/schemas.ts": {"path":"/home/danilosilvadev/dev/@akalli/akalli-app/src/features/auth/helpers/schemas.ts","statementMap":{"0":{"start":{"line":3,"column":23},"end":{"line":3,"column":25}}},"fnMap":{},"branchMap":{},"s":{"0":0},"f":{},"b":{}}
,"/home/danilosilvadev/dev/@akalli/akalli-app/src/features/auth/helpers/types.ts": {"path":"/home/danilosilvadev/dev/@akalli/akalli-app/src/features/auth/helpers/types.ts","statementMap":{},"fnMap":{},"branchMap":{},"s":{},"f":{},"b":{}}
,"/home/danilosilvadev/dev/@akalli/akalli-app/src/features/auth/screens/SignIn.tsx": {"path":"/home/danilosilvadev/dev/@akalli/akalli-app/src/features/auth/screens/SignIn.tsx","statementMap":{"0":{"start":{"line":3,"column":22},"end":{"line":5,"column":1}},"1":{"start":{"line":4,"column":2},"end":{"line":4,"column":55}}},"fnMap":{"0":{"name":"(anonymous_0)","decl":{"start":{"line":3,"column":22},"end":{"line":3,"column":23}},"loc":{"start":{"line":3,"column":28},"end":{"line":5,"column":1}},"line":3}},"branchMap":{},"s":{"0":0,"1":0},"f":{"0":0},"b":{}}
,"/home/danilosilvadev/dev/@akalli/akalli-app/src/features/auth/screens/index.ts": {"path":"/home/danilosilvadev/dev/@akalli/akalli-app/src/features/auth/screens/index.ts","statementMap":{},"fnMap":{},"branchMap":{},"s":{},"f":{},"b":{}}
,"/home/danilosilvadev/dev/@akalli/akalli-app/src/features/main/index.ts": {"path":"/home/danilosilvadev/dev/@akalli/akalli-app/src/features/main/index.ts","statementMap":{},"fnMap":{},"branchMap":{},"s":{},"f":{},"b":{},"_coverageSchema":"1a1c01bbd47fc00a2c39e90264f33305004495a9","hash":"0bc4bfb8b221ad01503168de3ba9831183fba5f3"}
,"/home/danilosilvadev/dev/@akalli/akalli-app/src/features/main/helpers/dict.ts": {"path":"/home/danilosilvadev/dev/@akalli/akalli-app/src/features/main/helpers/dict.ts","statementMap":{"0":{"start":{"line":1,"column":24},"end":{"line":10,"column":1}}},"fnMap":{},"branchMap":{},"s":{"0":1},"f":{},"b":{},"_coverageSchema":"1a1c01bbd47fc00a2c39e90264f33305004495a9","hash":"48f6148e628bf98e5a954c0ed871d37d682b088d"}
,"/home/danilosilvadev/dev/@akalli/akalli-app/src/features/main/helpers/index.ts": {"path":"/home/danilosilvadev/dev/@akalli/akalli-app/src/features/main/helpers/index.ts","statementMap":{},"fnMap":{},"branchMap":{},"s":{},"f":{},"b":{},"_coverageSchema":"1a1c01bbd47fc00a2c39e90264f33305004495a9","hash":"fb4366e46b1c72afe4b2333196d54c59d5cf7817"}
,"/home/danilosilvadev/dev/@akalli/akalli-app/src/features/main/helpers/schemas.ts": {"path":"/home/danilosilvadev/dev/@akalli/akalli-app/src/features/main/helpers/schemas.ts","statementMap":{"0":{"start":{"line":3,"column":23},"end":{"line":3,"column":25}}},"fnMap":{},"branchMap":{},"s":{"0":1},"f":{},"b":{},"_coverageSchema":"1a1c01bbd47fc00a2c39e90264f33305004495a9","hash":"d0c19b753be55dd2c539512386ce72e66c5a2606"}
,"/home/danilosilvadev/dev/@akalli/akalli-app/src/features/main/helpers/types.ts": {"path":"/home/danilosilvadev/dev/@akalli/akalli-app/src/features/main/helpers/types.ts","statementMap":{},"fnMap":{},"branchMap":{},"s":{},"f":{},"b":{},"_coverageSchema":"1a1c01bbd47fc00a2c39e90264f33305004495a9","hash":"fef2e97d2662efaaa82bba473d67c0d4ea6b81a8"}
,"/home/danilosilvadev/dev/@akalli/akalli-app/src/features/main/screens/Main.tsx": {"path":"/home/danilosilvadev/dev/@akalli/akalli-app/src/features/main/screens/Main.tsx","statementMap":{"0":{"start":{"line":12,"column":20},"end":{"line":46,"column":1}},"1":{"start":{"line":13,"column":34},"end":{"line":13,"column":49}},"2":{"start":{"line":14,"column":32},"end":{"line":16,"column":4}},"3":{"start":{"line":18,"column":31},"end":{"line":24,"column":3}},"4":{"start":{"line":19,"column":4},"end":{"line":23,"column":5}},"5":{"start":{"line":20,"column":6},"end":{"line":20,"column":20}},"6":{"start":{"line":22,"column":6},"end":{"line":22,"column":20}},"7":{"start":{"line":26,"column":2},"end":{"line":45,"column":4}},"8":{"start":{"line":38,"column":25},"end":{"line":38,"column":79}},"9":{"start":{"line":48,"column":15},"end":{"line":59,"column":1}},"10":{"start":{"line":52,"column":38},"end":{"line":55,"column":3}}},"fnMap":{"0":{"name":"(anonymous_0)","decl":{"start":{"line":12,"column":20},"end":{"line":12,"column":21}},"loc":{"start":{"line":12,"column":26},"end":{"line":46,"column":1}},"line":12},"1":{"name":"(anonymous_1)","decl":{"start":{"line":18,"column":31},"end":{"line":18,"column":32}},"loc":{"start":{"line":18,"column":37},"end":{"line":24,"column":3}},"line":18},"2":{"name":"(anonymous_2)","decl":{"start":{"line":38,"column":19},"end":{"line":38,"column":20}},"loc":{"start":{"line":38,"column":25},"end":{"line":38,"column":79}},"line":38},"3":{"name":"(anonymous_3)","decl":{"start":{"line":52,"column":20},"end":{"line":52,"column":21}},"loc":{"start":{"line":52,"column":38},"end":{"line":55,"column":3}},"line":52}},"branchMap":{"0":{"loc":{"start":{"line":19,"column":4},"end":{"line":23,"column":5}},"type":"if","locations":[{"start":{"line":19,"column":4},"end":{"line":23,"column":5}},{"start":{"line":21,"column":11},"end":{"line":23,"column":5}}],"line":19},"1":{"loc":{"start":{"line":54,"column":24},"end":{"line":54,"column":59}},"type":"cond-expr","locations":[{"start":{"line":54,"column":40},"end":{"line":54,"column":48}},{"start":{"line":54,"column":51},"end":{"line":54,"column":59}}],"line":54}},"s":{"0":1,"1":3,"2":0,"3":0,"4":0,"5":0,"6":0,"7":0,"8":0,"9":1,"10":0},"f":{"0":3,"1":0,"2":0,"3":0},"b":{"0":[0,0],"1":[0,0]},"_coverageSchema":"1a1c01bbd47fc00a2c39e90264f33305004495a9","hash":"b2a4301a53709e80bc8c217c8b18f98fb9b9091e"}
,"/home/danilosilvadev/dev/@akalli/akalli-app/src/features/main/screens/index.ts": {"path":"/home/danilosilvadev/dev/@akalli/akalli-app/src/features/main/screens/index.ts","statementMap":{},"fnMap":{},"branchMap":{},"s":{},"f":{},"b":{},"_coverageSchema":"1a1c01bbd47fc00a2c39e90264f33305004495a9","hash":"544feab54de5f2346b37c560fb2eadcf9c8c0f08"}
}
