{"/home/danilosilvadev/dev/@akalli/akalli-app/App.tsx": {"path":"/home/danilosilvadev/dev/@akalli/akalli-app/App.tsx","statementMap":{"0":{"start":{"line":6,"column":12},"end":{"line":12,"column":1}},"1":{"start":{"line":7,"column":2},"end":{"line":11,"column":4}}},"fnMap":{"0":{"name":"(anonymous_0)","decl":{"start":{"line":6,"column":12},"end":{"line":6,"column":13}},"loc":{"start":{"line":6,"column":18},"end":{"line":12,"column":1}},"line":6}},"branchMap":{},"s":{"0":0,"1":0},"f":{"0":0},"b":{}}
,"/home/danilosilvadev/dev/@akalli/akalli-app/src/config/AkalliProvider.tsx": {"path":"/home/danilosilvadev/dev/@akalli/akalli-app/src/config/AkalliProvider.tsx","statementMap":{"0":{"start":{"line":8,"column":30},"end":{"line":23,"column":3}},"1":{"start":{"line":15,"column":2},"end":{"line":23,"column":3}}},"fnMap":{"0":{"name":"(anonymous_0)","decl":{"start":{"line":8,"column":30},"end":{"line":8,"column":31}},"loc":{"start":{"line":15,"column":2},"end":{"line":23,"column":3}},"line":15}},"branchMap":{"0":{"loc":{"start":{"line":15,"column":2},"end":{"line":23,"column":3}},"type":"cond-expr","locations":[{"start":{"line":16,"column":4},"end":{"line":18,"column":15}},{"start":{"line":20,"column":4},"end":{"line":22,"column":28}}],"line":15}},"s":{"0":1,"1":2},"f":{"0":2},"b":{"0":[2,0]},"_coverageSchema":"1a1c01bbd47fc00a2c39e90264f33305004495a9","hash":"b339b93cacd114465088f66d3f4626406ebd3d24"}
,"/home/danilosilvadev/dev/@akalli/akalli-app/src/config/index.ts": {"path":"/home/danilosilvadev/dev/@akalli/akalli-app/src/config/index.ts","statementMap":{"0":{"start":{"line":4,"column":25},"end":{"line":7,"column":1}}},"fnMap":{},"branchMap":{},"s":{"0":0},"f":{},"b":{}}
,"/home/danilosilvadev/dev/@akalli/akalli-app/src/config/router.ts": {"path":"/home/danilosilvadev/dev/@akalli/akalli-app/src/config/router.ts","statementMap":{"0":{"start":{"line":4,"column":53},"end":{"line":9,"column":1}}},"fnMap":{},"branchMap":{},"s":{"0":0},"f":{},"b":{}}
,"/home/danilosilvadev/dev/@akalli/akalli-app/src/config/store.ts": {"path":"/home/danilosilvadev/dev/@akalli/akalli-app/src/config/store.ts","statementMap":{"0":{"start":{"line":5,"column":2},"end":{"line":7,"column":4}}},"fnMap":{},"branchMap":{},"s":{"0":1},"f":{},"b":{},"_coverageSchema":"1a1c01bbd47fc00a2c39e90264f33305004495a9","hash":"0050b97579e76432b34cc949ee12b0541dab8662"}
,"/home/danilosilvadev/dev/@akalli/akalli-app/src/config/theme.ts": {"path":"/home/danilosilvadev/dev/@akalli/akalli-app/src/config/theme.ts","statementMap":{"0":{"start":{"line":3,"column":29},"end":{"line":21,"column":1}}},"fnMap":{},"branchMap":{},"s":{"0":1},"f":{},"b":{},"_coverageSchema":"1a1c01bbd47fc00a2c39e90264f33305004495a9","hash":"8a4405faca21ce8252a172fc253090a44e56eac4"}
,"/home/danilosilvadev/dev/@akalli/akalli-app/src/features/index.ts": {"path":"/home/danilosilvadev/dev/@akalli/akalli-app/src/features/index.ts","statementMap":{},"fnMap":{},"branchMap":{},"s":{},"f":{},"b":{}}
,"/home/danilosilvadev/dev/@akalli/akalli-app/src/features/assistant/index.ts": {"path":"/home/danilosilvadev/dev/@akalli/akalli-app/src/features/assistant/index.ts","statementMap":{},"fnMap":{},"branchMap":{},"s":{},"f":{},"b":{}}
,"/home/danilosilvadev/dev/@akalli/akalli-app/src/features/assistant/helpers/index.ts": {"path":"/home/danilosilvadev/dev/@akalli/akalli-app/src/features/assistant/helpers/index.ts","statementMap":{},"fnMap":{},"branchMap":{},"s":{},"f":{},"b":{}}
,"/home/danilosilvadev/dev/@akalli/akalli-app/src/features/assistant/helpers/intl.ts": {"path":"/home/danilosilvadev/dev/@akalli/akalli-app/src/features/assistant/helpers/intl.ts","statementMap":{"0":{"start":{"line":3,"column":20},"end":{"line":3,"column":22}}},"fnMap":{},"branchMap":{},"s":{"0":0},"f":{},"b":{}}
,"/home/danilosilvadev/dev/@akalli/akalli-app/src/features/assistant/helpers/schemas.ts": {"path":"/home/danilosilvadev/dev/@akalli/akalli-app/src/features/assistant/helpers/schemas.ts","statementMap":{"0":{"start":{"line":3,"column":23},"end":{"line":3,"column":25}}},"fnMap":{},"branchMap":{},"s":{"0":0},"f":{},"b":{}}
,"/home/danilosilvadev/dev/@akalli/akalli-app/src/features/assistant/helpers/types.ts": {"path":"/home/danilosilvadev/dev/@akalli/akalli-app/src/features/assistant/helpers/types.ts","statementMap":{},"fnMap":{},"branchMap":{},"s":{},"f":{},"b":{}}
,"/home/danilosilvadev/dev/@akalli/akalli-app/src/features/assistant/screens/Account.tsx": {"path":"/home/danilosilvadev/dev/@akalli/akalli-app/src/features/assistant/screens/Account.tsx","statementMap":{"0":{"start":{"line":3,"column":23},"end":{"line":5,"column":1}},"1":{"start":{"line":4,"column":2},"end":{"line":4,"column":56}}},"fnMap":{"0":{"name":"(anonymous_0)","decl":{"start":{"line":3,"column":23},"end":{"line":3,"column":24}},"loc":{"start":{"line":3,"column":29},"end":{"line":5,"column":1}},"line":3}},"branchMap":{},"s":{"0":0,"1":0},"f":{"0":0},"b":{}}
,"/home/danilosilvadev/dev/@akalli/akalli-app/src/features/assistant/screens/index.ts": {"path":"/home/danilosilvadev/dev/@akalli/akalli-app/src/features/assistant/screens/index.ts","statementMap":{},"fnMap":{},"branchMap":{},"s":{},"f":{},"b":{}}
,"/home/danilosilvadev/dev/@akalli/akalli-app/src/features/auth/index.ts": {"path":"/home/danilosilvadev/dev/@akalli/akalli-app/src/features/auth/index.ts","statementMap":{},"fnMap":{},"branchMap":{},"s":{},"f":{},"b":{}}
,"/home/danilosilvadev/dev/@akalli/akalli-app/src/features/auth/helpers/index.ts": {"path":"/home/danilosilvadev/dev/@akalli/akalli-app/src/features/auth/helpers/index.ts","statementMap":{},"fnMap":{},"branchMap":{},"s":{},"f":{},"b":{}}
,"/home/danilosilvadev/dev/@akalli/akalli-app/src/features/auth/helpers/intl.ts": {"path":"/home/danilosilvadev/dev/@akalli/akalli-app/src/features/auth/helpers/intl.ts","statementMap":{"0":{"start":{"line":3,"column":20},"end":{"line":3,"column":22}}},"fnMap":{},"branchMap":{},"s":{"0":0},"f":{},"b":{}}
,"/home/danilosilvadev/dev/@akalli/akalli-app/src/features/auth/helpers/redux.ts": {"path":"/home/danilosilvadev/dev/@akalli/akalli-app/src/features/auth/helpers/redux.ts","statementMap":{"0":{"start":{"line":4,"column":25},"end":{"line":12,"column":2}},"1":{"start":{"line":9,"column":6},"end":{"line":9,"column":30}}},"fnMap":{"0":{"name":"(anonymous_0)","decl":{"start":{"line":8,"column":11},"end":{"line":8,"column":12}},"loc":{"start":{"line":8,"column":34},"end":{"line":10,"column":5}},"line":8}},"branchMap":{},"s":{"0":1,"1":2},"f":{"0":2},"b":{},"_coverageSchema":"1a1c01bbd47fc00a2c39e90264f33305004495a9","hash":"255add0af6f1c94436021790b84d5f42b147db50"}
,"/home/danilosilvadev/dev/@akalli/akalli-app/src/features/auth/helpers/schemas.ts": {"path":"/home/danilosilvadev/dev/@akalli/akalli-app/src/features/auth/helpers/schemas.ts","statementMap":{"0":{"start":{"line":3,"column":23},"end":{"line":3,"column":25}}},"fnMap":{},"branchMap":{},"s":{"0":0},"f":{},"b":{}}
,"/home/danilosilvadev/dev/@akalli/akalli-app/src/features/auth/helpers/types.ts": {"path":"/home/danilosilvadev/dev/@akalli/akalli-app/src/features/auth/helpers/types.ts","statementMap":{},"fnMap":{},"branchMap":{},"s":{},"f":{},"b":{}}
,"/home/danilosilvadev/dev/@akalli/akalli-app/src/features/auth/screens/SignIn.tsx": {"path":"/home/danilosilvadev/dev/@akalli/akalli-app/src/features/auth/screens/SignIn.tsx","statementMap":{"0":{"start":{"line":3,"column":22},"end":{"line":5,"column":1}},"1":{"start":{"line":4,"column":2},"end":{"line":4,"column":55}}},"fnMap":{"0":{"name":"(anonymous_0)","decl":{"start":{"line":3,"column":22},"end":{"line":3,"column":23}},"loc":{"start":{"line":3,"column":28},"end":{"line":5,"column":1}},"line":3}},"branchMap":{},"s":{"0":0,"1":0},"f":{"0":0},"b":{}}
,"/home/danilosilvadev/dev/@akalli/akalli-app/src/features/auth/screens/index.ts": {"path":"/home/danilosilvadev/dev/@akalli/akalli-app/src/features/auth/screens/index.ts","statementMap":{},"fnMap":{},"branchMap":{},"s":{},"f":{},"b":{}}
,"/home/danilosilvadev/dev/@akalli/akalli-app/src/features/main/index.ts": {"path":"/home/danilosilvadev/dev/@akalli/akalli-app/src/features/main/index.ts","statementMap":{},"fnMap":{},"branchMap":{},"s":{},"f":{},"b":{}}
,"/home/danilosilvadev/dev/@akalli/akalli-app/src/features/main/helpers/index.ts": {"path":"/home/danilosilvadev/dev/@akalli/akalli-app/src/features/main/helpers/index.ts","statementMap":{},"fnMap":{},"branchMap":{},"s":{},"f":{},"b":{}}
,"/home/danilosilvadev/dev/@akalli/akalli-app/src/features/main/helpers/intl.ts": {"path":"/home/danilosilvadev/dev/@akalli/akalli-app/src/features/main/helpers/intl.ts","statementMap":{"0":{"start":{"line":3,"column":20},"end":{"line":3,"column":22}}},"fnMap":{},"branchMap":{},"s":{"0":0},"f":{},"b":{}}
,"/home/danilosilvadev/dev/@akalli/akalli-app/src/features/main/helpers/schemas.ts": {"path":"/home/danilosilvadev/dev/@akalli/akalli-app/src/features/main/helpers/schemas.ts","statementMap":{"0":{"start":{"line":3,"column":23},"end":{"line":3,"column":25}}},"fnMap":{},"branchMap":{},"s":{"0":0},"f":{},"b":{}}
,"/home/danilosilvadev/dev/@akalli/akalli-app/src/features/main/helpers/types.ts": {"path":"/home/danilosilvadev/dev/@akalli/akalli-app/src/features/main/helpers/types.ts","statementMap":{},"fnMap":{},"branchMap":{},"s":{},"f":{},"b":{}}
,"/home/danilosilvadev/dev/@akalli/akalli-app/src/features/main/screens/Main.tsx": {"path":"/home/danilosilvadev/dev/@akalli/akalli-app/src/features/main/screens/Main.tsx","statementMap":{"0":{"start":{"line":21,"column":20},"end":{"line":82,"column":1}},"1":{"start":{"line":22,"column":19},"end":{"line":22,"column":35}},"2":{"start":{"line":23,"column":21},"end":{"line":23,"column":71}},"3":{"start":{"line":23,"column":49},"end":{"line":23,"column":70}},"4":{"start":{"line":28,"column":6},"end":{"line":28,"column":15}},"5":{"start":{"line":30,"column":2},"end":{"line":32,"column":9}},"6":{"start":{"line":31,"column":4},"end":{"line":31,"column":40}},"7":{"start":{"line":34,"column":2},"end":{"line":81,"column":4}},"8":{"start":{"line":40,"column":21},"end":{"line":40,"column":44}},"9":{"start":{"line":53,"column":12},"end":{"line":53,"column":79}},"10":{"start":{"line":75,"column":10},"end":{"line":75,"column":32}}},"fnMap":{"0":{"name":"(anonymous_0)","decl":{"start":{"line":21,"column":20},"end":{"line":21,"column":21}},"loc":{"start":{"line":21,"column":26},"end":{"line":82,"column":1}},"line":21},"1":{"name":"(anonymous_1)","decl":{"start":{"line":23,"column":33},"end":{"line":23,"column":34}},"loc":{"start":{"line":23,"column":49},"end":{"line":23,"column":70}},"line":23},"2":{"name":"(anonymous_2)","decl":{"start":{"line":30,"column":12},"end":{"line":30,"column":13}},"loc":{"start":{"line":30,"column":24},"end":{"line":32,"column":3}},"line":30},"3":{"name":"(anonymous_3)","decl":{"start":{"line":40,"column":15},"end":{"line":40,"column":16}},"loc":{"start":{"line":40,"column":21},"end":{"line":40,"column":44}},"line":40},"4":{"name":"(anonymous_4)","decl":{"start":{"line":52,"column":22},"end":{"line":52,"column":23}},"loc":{"start":{"line":52,"column":36},"end":{"line":54,"column":11}},"line":52},"5":{"name":"(anonymous_5)","decl":{"start":{"line":74,"column":30},"end":{"line":74,"column":31}},"loc":{"start":{"line":74,"column":36},"end":{"line":76,"column":9}},"line":74}},"branchMap":{},"s":{"0":1,"1":3,"2":3,"3":4,"4":3,"5":3,"6":2,"7":3,"8":1,"9":9,"10":0},"f":{"0":3,"1":4,"2":2,"3":1,"4":9,"5":0},"b":{},"_coverageSchema":"1a1c01bbd47fc00a2c39e90264f33305004495a9","hash":"0099bb87ea0ab68e0438c724d52b35daa8f534ef"}
,"/home/danilosilvadev/dev/@akalli/akalli-app/src/features/main/screens/index.ts": {"path":"/home/danilosilvadev/dev/@akalli/akalli-app/src/features/main/screens/index.ts","statementMap":{},"fnMap":{},"branchMap":{},"s":{},"f":{},"b":{},"_coverageSchema":"1a1c01bbd47fc00a2c39e90264f33305004495a9","hash":"544feab54de5f2346b37c560fb2eadcf9c8c0f08"}
}
